<?xml version="1.0" encoding="UTF-8"?>
<!-- Generated by org.testng.reporters.JUnitReportReporter -->
<testsuite hostname="LAPTOP-GGJ4726G" failures="0" tests="2" name="TestScript.DataProviderTest" time="49.820" errors="0" timestamp="04 Aug 2019 18:53:57 GMT" skipped="0">
  <testcase classname="TestScript.DataProviderTest" name="dataProviderTestCase" time="27.936"/>
  <testcase classname="TestScript.DataProviderTest" name="dataProviderTestCase" time="21.884"/>
</testsuite> <!-- TestScript.DataProviderTest -->
