<?xml version="1.0" encoding="UTF-8"?>
<!-- Generated by org.testng.reporters.JUnitReportReporter -->
<testsuite hostname="LAPTOP-GGJ4726G" failures="0" tests="3" name="TestScript.dependsOnTests" time="0.026" errors="0" timestamp="04 Aug 2019 18:19:29 GMT" skipped="0">
  <testcase classname="TestScript.dependsOnTests" name="SignIn" time="0.007"/>
  <testcase classname="TestScript.dependsOnTests" name="LogOut" time="0.003"/>
  <testcase classname="TestScript.dependsOnTests" name="OpenBrowser" time="0.016"/>
</testsuite> <!-- TestScript.dependsOnTests -->
