<?xml version="1.0" encoding="UTF-8"?>
<!-- Generated by org.testng.reporters.JUnitReportReporter -->
<testsuite hostname="LAPTOP-GGJ4726G" failures="0" tests="3" name="TestScript.groupingTests" time="0.038" errors="0" timestamp="04 Aug 2019 18:14:44 GMT" skipped="0">
  <testcase classname="TestScript.groupingTests" name="Consulting1" time="0.031"/>
  <testcase classname="TestScript.groupingTests" name="Consulting2" time="0.005"/>
  <testcase classname="TestScript.groupingTests" name="talentTEK_Consulting" time="0.002"/>
</testsuite> <!-- TestScript.groupingTests -->
